<?xml version="1.0" encoding="UTF-8"?>
<!-- Generated by org.testng.reporters.JUnitReportReporter -->
<testsuite hostname="E105459" name="testCases.TestNG_Framework" tests="1" failures="0" timestamp="25 Apr 2017 05:22:52 GMT" time="3.018" errors="0">
  <testcase name="main" time="3.018" classname="testCases.TestNG_Framework"/>
</testsuite> <!-- testCases.TestNG_Framework -->
