<?xml version="1.0" encoding="UTF-8"?>
<!-- Generated by org.testng.reporters.JUnitReportReporter -->
<testsuite hostname="E105459" name="testCases.TestNg1" tests="1" failures="0" timestamp="13 Aug 2016 18:02:26 GMT" time="1.537" errors="0">
  <testcase name="main" time="1.537" classname="testCases.TestNg1"/>
</testsuite> <!-- testCases.TestNg1 -->
